+ [[ -d foa_modules ]]
+ echo 'Project foa_modules was already cloned, syncing operation will be executed...'
Project foa_modules was already cloned, syncing operation will be executed...
+ echo 'Updating authors list for foa_modules ...'
Updating authors list for foa_modules ...
+ getAuthors
+ echo 'Updating Authors list for project foa_modules...'
Updating Authors list for project foa_modules...
++ echo foa_modules
++ awk -F / '{print $(NF-1)}'
+ projectLog=foa_modules
+ java -jar /home/israel/git/workspace_linux_scripts/MLOZ/localDev3/svn-migration-scripts.jar authors http://svn.sdlc.gfdi.be/svn/FOA/trunk/foa_modules m999ipa '$Catalun65'
About to create the authors file.
+ [[ 0 -ne 0 ]]
+ echo 'List of authors completed under file: /home/israel/git/workspace_linux_scripts/MLOZ/localDev3/authors/foa_modules-authors.txt'
List of authors completed under file: /home/israel/git/workspace_linux_scripts/MLOZ/localDev3/authors/foa_modules-authors.txt
+ echo 'Fetching latest SVN commits for project foa_modules in progress...'
Fetching latest SVN commits for project foa_modules in progress...
+ cd foa_modules
+ git svn fetch
+ [[ 0 -eq 0 ]]
+ echo 'Synchronize with the fetched commits...'
Synchronize with the fetched commits...
+ java -Dfile.encoding=utf-8 -jar /home/israel/git/workspace_linux_scripts/MLOZ/localDev3/svn-migration-scripts.jar sync-rebase
Current branch master is up to date.
+ java -Dfile.encoding=utf-8 -jar /home/israel/git/workspace_linux_scripts/MLOZ/localDev3/svn-migration-scripts.jar clean-git --force
# Creating annotated tags...
# Creating local branches...
Creating the local branch 'origin/master' for Subversion branch 'refs/remotes/origin/master'.
Branch origin/master set up to track remote branch master from origin.
# Checking for obsolete tags...
svn: warning: W160013: URL 'http://svn.sdlc.gfdi.be/svn/FOA/tags/foa_modules' non-existent in revision 41665
svn: E200009: Could not list all targets because some targets don't exist
No obsolete tags to remove.
# Checking for obsolete branches...
svn: warning: W160013: URL 'http://svn.sdlc.gfdi.be/svn/FOA/branches/foa_modules' non-existent in revision 41665
svn: E200009: Could not list all targets because some targets don't exist
Deleting Git branch 'origin/master' not in Subversion.
Deleted branch origin/master (was cd70167).
# Cleaning tag names
# Cleaning branch names
+ errorClean=1
+ [[ -z '' ]]
+ [[ -z 1 ]]
