+ [[ -d foa_modules ]]
+ echo 'Project foa_modules was already cloned, syncing operation will be executed...'
Project foa_modules was already cloned, syncing operation will be executed...
+ echo 'Updating authors list for foa_modules ...'
Updating authors list for foa_modules ...
+ getAuthors
+ echo 'Updating Authors list for project foa_modules...'
Updating Authors list for project foa_modules...
++ echo foa_modules
++ awk -F / '{print $(NF-1)}'
+ projectLog=foa_modules
+ java -jar /home/israel/git/workspace_linux_scripts/MLOZ/localDev3/svn-migration-scripts.jar authors http://svn.sdlc.gfdi.be/svn/FOA/trunk/foa_modules m999ipa '$Catalun65'
About to create the authors file.
+ [[ 0 -ne 0 ]]
+ echo 'List of authors completed under file: /home/israel/git/workspace_linux_scripts/MLOZ/localDev3/authors/foa_modules-authors.txt'
List of authors completed under file: /home/israel/git/workspace_linux_scripts/MLOZ/localDev3/authors/foa_modules-authors.txt
+ echo 'Fetching latest SVN commits for project foa_modules in progress...'
Fetching latest SVN commits for project foa_modules in progress...
+ cd foa_modules
+ git svn fetch
	M	foa_custom_deploy_modules/foa_custom_deploy_dgc/src/test/resources/232/REFDAR/gfdi_ebusiness_hod/HODData/gfdi_ebusiness_hod/cfg0.cf
	M	foa_custom_deploy_modules/foa_custom_deploy_dgc/src/test/resources/216/REFDAR/gfdi_ebusiness_hod/HODData/gfdi_ebusiness_hod/cfg0.cf
	M	foa_custom_deploy_modules/foa_custom_deploy_dgc/src/test/resources/226/REFDAR/gfdi_ebusiness_hod/HODData/gfdi_ebusiness_hod/cfg0.cf
	M	foa_custom_deploy_modules/foa_custom_deploy_dgc/src/test/resources/282/REFDAR/gfdi_ebusiness_hod/HODData/gfdi_ebusiness_hod/cfg0.cf
r41564 = d00a5844bbfc7f85d20431a62cae412fb1ac25f1 (refs/remotes/trunk)
	M	foa_custom_deploy_modules/foa_custom_deploy_dgc/src/test/resources/216/PROD-SLAVE/WEB-INF/classes/init.properties
	M	foa_custom_deploy_modules/foa_custom_deploy_dgc/src/test/resources/216/PROD-MASTER/WEB-INF/classes/init.properties
r41565 = bf3f9949005b4ab4668991bc43c58d47111b291d (refs/remotes/trunk)
	M	foundation/src/test/java/be/mteam/foa/security/fesiam/insurancecounter/persons/Insurancecounter_persons_Test.java
	D	foundation/src/main/java/be/mteam/foa/security/fesiam/insurancecounter/persons/service/InsuranceCounter.java
	D	foundation/src/main/java/be/mteam/foa/security/fesiam/insurancecounter/persons/service/InsuranceCounterImpl.java
	A	foundation/src/main/java/be/mteam/foa/security/fesiam/insurancecounter/persons/service/InsuranceCounterService.java
	A	foundation/src/main/java/be/mteam/foa/security/fesiam/insurancecounter/persons/service/InsuranceCounterServiceImpl.java
W: -empty_dir: trunk/foa_modules/foundation/src/main/java/be/mteam/foa/security/fesiam/insurancecounter/persons/service/InsuranceCounter.java
W: -empty_dir: trunk/foa_modules/foundation/src/main/java/be/mteam/foa/security/fesiam/insurancecounter/persons/service/InsuranceCounterImpl.java
r41567 = c3d9be416732794b37327d144191de6e847f27e2 (refs/remotes/trunk)
	M	dgc_project/src/main/webapp/tasknew.jsp
	M	business/src/main/java/gfdi/ebusiness/task/core/TaskBF.java
r41580 = d0ef2be4e3ab8529b56a1d00b004dde8a07413e4 (refs/remotes/trunk)
	A	business/src/main/java/gfdi/ebusiness/signaletique/core/HouseHoldMemberImpl.java
	A	business/src/main/java/gfdi/ebusiness/signaletique/core/HouseHoldMember.java
	A	business/src/main/resources/gfdi/ebusiness/com/core/house-hold-member-context.xml
	M	business/src/main/resources/resources/config/foa-context.xml
	M	foa_core_modules/foa_core_server/src/main/java/be/mteam/fwk/spring/SessionRequestHolder.java
	M	foa_integration/foa_prefs_modules/foa_prefs_business/src/test/java/be/mteam/foa/prefs/web/source/prefscenter/SourceFromPrefsCenterTest.java
	M	foa_integration/foa_prefs_modules/foa_prefs_business/src/test/java/be/mteam/foa/prefs/web/source/prefscenter/ProviderOfHodUserTest.java
	A	foa_integration/foa_prefs_modules/foa_prefs_business/src/test/java/be/mteam/foa/prefs/web/source/PacStatusProviderHhmBFImplTest.java
	M	foa_integration/foa_prefs_modules/foa_prefs_business/src/test/java/be/mteam/foa/prefs/web/source/doccle/EnrichWithDoccleSettingsTest.java
	M	foa_integration/foa_prefs_modules/foa_prefs_business/src/test/java/be/mteam/foa/prefs/web/source/doccle/AddDoccleTokensTest.java
	M	foa_integration/foa_prefs_modules/foa_prefs_business/src/test/java/be/mteam/foa/prefs/web/sink/member/properties/WebAccountUpdaterTest.java
	A	foa_integration/foa_prefs_modules/foa_prefs_business/src/test/java/be/mteam/foa/prefs/web/CurrentUserProviderImplTest.java
	M	foa_integration/foa_prefs_modules/foa_prefs_business/src/main/java/be/mteam/foa/prefs/web/source/prefscenter/SourceFromPrefsCenter.java
	M	foa_integration/foa_prefs_modules/foa_prefs_business/src/main/java/be/mteam/foa/prefs/web/source/prefscenter/ProviderOfHodUser.java
	A	foa_integration/foa_prefs_modules/foa_prefs_business/src/main/java/be/mteam/foa/prefs/web/source/PacStatusProvider.java
	A	foa_integration/foa_prefs_modules/foa_prefs_business/src/main/java/be/mteam/foa/prefs/web/source/PacStatusProviderHhmBFImpl.java
	D	foa_integration/foa_prefs_modules/foa_prefs_business/src/main/java/be/mteam/foa/prefs/web/source/doccle/DoccleConstants.java
	M	foa_integration/foa_prefs_modules/foa_prefs_business/src/main/java/be/mteam/foa/prefs/web/source/doccle/EnrichWithDoccleSettings.java
	M	foa_integration/foa_prefs_modules/foa_prefs_business/src/main/java/be/mteam/foa/prefs/web/source/doccle/AddDoccleTokens.java
	A	foa_integration/foa_prefs_modules/foa_prefs_business/src/main/java/be/mteam/foa/prefs/web/source/doccle/Constants.java
	M	foa_integration/foa_prefs_modules/foa_prefs_business/src/main/java/be/mteam/foa/prefs/web/sink/member/properties/WebAccountUpdater.java
	A	foa_integration/foa_prefs_modules/foa_prefs_business/src/main/java/be/mteam/foa/prefs/web/CurrentUserProvider.java
	A	foa_integration/foa_prefs_modules/foa_prefs_business/src/main/java/be/mteam/foa/prefs/web/CurrentUserProviderImpl.java
W: -empty_dir: trunk/foa_modules/foa_integration/foa_prefs_modules/foa_prefs_business/src/main/java/be/mteam/foa/prefs/web/source/doccle/DoccleConstants.java
Checking svn:mergeinfo changes since r41580: 67 sources, 1 changed
Couldn't find revmap for http://svn.sdlc.gfdi.be/svn/FOA/branches/foa-R1810-20181007.0-DLP-4448-PTL-channel-and-tokens
r41631 = 570f4aafd54be70bd4eea2afdf4ffae3d5a366dc (refs/remotes/trunk)
	M	business/src/main/java/gfdi/ebusiness/insurance/core/InsuranceStatusAccessor.java
	M	foundation/src/test/java/be/mteam/foa/security/fesiam/insurance/data/InsuranceDataPersons_BeneficiaryDetails_Test.java
	M	foundation/src/test/java/be/mteam/foa/security/fesiam/insurance/data/PaymentDetails_Test.java
	M	foundation/src/main/java/be/mteam/foa/security/fesiam/insuranceData/model/business/association/CancellationInformation.java
	M	foundation/src/main/java/be/mteam/foa/security/fesiam/insuranceData/model/business/association/Affiliation.java
	M	foundation/src/main/java/be/mteam/foa/security/fesiam/insuranceData/exchanger/ExchangeDaoToBus_personsBeneficiaryDetails.java
r41640 = 1ccbaa3ca9bf2addd2e262b310c20ee5edd891e8 (refs/remotes/trunk)
	M	ws_project/pom.xml
	M	dgc_project/pom.xml
	M	foa_security_modules/foa_security_server/pom.xml
	M	foa_security_modules/foa_security_common/pom.xml
	M	foa_security_modules/pom.xml
	M	foa_brodoc_modules/foa_brodoc_server/pom.xml
	M	foa_brodoc_modules/foa_brodoc_common/pom.xml
	M	foa_brodoc_modules/foa_brodoc_web/pom.xml
	M	foa_brodoc_modules/pom.xml
	M	dgc_resources/pom.xml
	M	foa_test_support_modules/foa_test_support_server/pom.xml
	M	foa_test_support_modules/foa_test_support_openpojo/pom.xml
	M	foa_test_support_modules/pom.xml
	M	pom.xml
	M	business/pom.xml
	M	foa_com_modules/foa_com_web/pom.xml
	M	foa_com_modules/foa_com_server/pom.xml
	M	foa_com_modules/pom.xml
	M	foa_com_modules/foa_com_common/pom.xml
	M	foa_campaign_modules/foa_campaign_web/pom.xml
	M	foa_campaign_modules/foa_campaign_server/pom.xml
	M	foa_campaign_modules/pom.xml
	M	foa_campaign_modules/foa_campaign_common/pom.xml
	M	foa_acceptance_modules/foa_acceptance_dgc/pom.xml
	M	foa_acceptance_modules/pom.xml
	M	foa_custom_deploy_modules/foa_custom_deploy_dgc/pom.xml
	M	foa_custom_deploy_modules/pom.xml
	M	foa_custom_deploy_modules/foa_custom_deploy_gok/pom.xml
	M	foa_ent_modules/foa_ent_server/pom.xml
	M	foa_ent_modules/foa_ent_common/pom.xml
	M	foa_ent_modules/pom.xml
	M	foa_core_modules/foa_core_scheduling/pom.xml
	M	foa_core_modules/foa_core_server/pom.xml
	M	foa_core_modules/foa_core_common/pom.xml
	M	foa_core_modules/foa_core_web/pom.xml
	M	foa_core_modules/pom.xml
	M	foundation/pom.xml
	M	gok_project/pom.xml
	M	foa_signaletique_modules/foa_signaletique_server/pom.xml
	M	foa_signaletique_modules/pom.xml
	M	foa_signaletique_modules/foa_signaletique_web/pom.xml
	M	foa_signaletique_modules/foa_signaletique_client/pom.xml
	M	foa_integration/pom.xml
	M	foa_integration/foa_econsent_modules/foa_econsent_server/pom.xml
	M	foa_integration/foa_econsent_modules/pom.xml
	M	foa_integration/foa_econsent_modules/foa_econsent_common/pom.xml
	M	foa_integration/foa_prefs_modules/foa_prefs_business/pom.xml
	M	foa_integration/foa_prefs_modules/foa_prefs_web/pom.xml
	M	foa_integration/foa_prefs_modules/pom.xml
	M	foa_integration/foa_zoomit_modules/foa_zoomit_business/pom.xml
	M	foa_integration/foa_zoomit_modules/foa_zoomit_web/pom.xml
	M	foa_integration/foa_zoomit_modules/pom.xml
	M	foa_contact_modules/foa_contact_server/pom.xml
	M	foa_contact_modules/foa_contact_common/pom.xml
	M	foa_contact_modules/pom.xml
	M	gok_resources/pom.xml
r41642 = 83642968a480e469d9462c64d096efc90ea3f0ac (refs/remotes/trunk)
	M	ws_project/pom.xml
	M	dgc_project/pom.xml
	M	foa_security_modules/foa_security_server/pom.xml
	M	foa_security_modules/foa_security_common/pom.xml
	M	foa_security_modules/pom.xml
	M	foa_brodoc_modules/foa_brodoc_server/pom.xml
	M	foa_brodoc_modules/foa_brodoc_common/pom.xml
	M	foa_brodoc_modules/foa_brodoc_web/pom.xml
	M	foa_brodoc_modules/pom.xml
	M	dgc_resources/pom.xml
	M	foa_test_support_modules/foa_test_support_server/pom.xml
	M	foa_test_support_modules/foa_test_support_openpojo/pom.xml
	M	foa_test_support_modules/pom.xml
	M	pom.xml
	M	business/pom.xml
	M	foa_com_modules/foa_com_web/pom.xml
	M	foa_com_modules/foa_com_server/pom.xml
	M	foa_com_modules/pom.xml
	M	foa_com_modules/foa_com_common/pom.xml
	M	foa_campaign_modules/foa_campaign_web/pom.xml
	M	foa_campaign_modules/foa_campaign_server/pom.xml
	M	foa_campaign_modules/pom.xml
	M	foa_campaign_modules/foa_campaign_common/pom.xml
	M	foa_acceptance_modules/foa_acceptance_dgc/pom.xml
	M	foa_acceptance_modules/pom.xml
	M	foa_custom_deploy_modules/foa_custom_deploy_dgc/pom.xml
	M	foa_custom_deploy_modules/pom.xml
	M	foa_custom_deploy_modules/foa_custom_deploy_gok/pom.xml
	M	foa_ent_modules/foa_ent_server/pom.xml
	M	foa_ent_modules/foa_ent_common/pom.xml
	M	foa_ent_modules/pom.xml
	M	foa_core_modules/foa_core_scheduling/pom.xml
	M	foa_core_modules/foa_core_server/pom.xml
	M	foa_core_modules/foa_core_common/pom.xml
	M	foa_core_modules/foa_core_web/pom.xml
	M	foa_core_modules/pom.xml
	M	foundation/pom.xml
	M	gok_project/pom.xml
	M	foa_signaletique_modules/foa_signaletique_server/pom.xml
	M	foa_signaletique_modules/pom.xml
	M	foa_signaletique_modules/foa_signaletique_web/pom.xml
	M	foa_signaletique_modules/foa_signaletique_client/pom.xml
	M	foa_integration/pom.xml
	M	foa_integration/foa_econsent_modules/foa_econsent_server/pom.xml
	M	foa_integration/foa_econsent_modules/pom.xml
	M	foa_integration/foa_econsent_modules/foa_econsent_common/pom.xml
	M	foa_integration/foa_prefs_modules/foa_prefs_business/pom.xml
	M	foa_integration/foa_prefs_modules/foa_prefs_web/pom.xml
	M	foa_integration/foa_prefs_modules/pom.xml
	M	foa_integration/foa_zoomit_modules/foa_zoomit_business/pom.xml
	M	foa_integration/foa_zoomit_modules/foa_zoomit_web/pom.xml
	M	foa_integration/foa_zoomit_modules/pom.xml
	M	foa_contact_modules/foa_contact_server/pom.xml
	M	foa_contact_modules/foa_contact_common/pom.xml
	M	foa_contact_modules/pom.xml
	M	gok_resources/pom.xml
r41644 = ec889e48f7571c3bf00ea9398f3eded945c20e4d (refs/remotes/trunk)
+ [[ 0 -eq 0 ]]
+ echo 'Generating a .gitignore file based on Subversion'\''s metadata svn:ignore properties if applicable:'
Generating a .gitignore file based on Subversion's metadata svn:ignore properties if applicable:
+ git svn show-ignore
+ git add .gitignore_synced
+ git commit -m 'add .gitignore_synced for sync operation'
[master 5a67c85] add .gitignore_synced for sync operation
 1 file changed, 351 insertions(+)
 create mode 100644 .gitignore_synced
+ echo 'Synchronize with the fetched commits...'
Synchronize with the fetched commits...
+ java -Dfile.encoding=utf-8 -jar /home/israel/git/workspace_linux_scripts/MLOZ/localDev3/svn-migration-scripts.jar sync-rebase
First, rewinding head to replay your work on top of it...
Applying: Convert svn:ignore properties to .gitignore
Applying: add .gitignore_synced for sync operation
+ java -Dfile.encoding=utf-8 -jar /home/israel/git/workspace_linux_scripts/MLOZ/localDev3/svn-migration-scripts.jar clean-git --force
# Creating annotated tags...
# Creating local branches...
Creating the local branch 'origin/master' for Subversion branch 'refs/remotes/origin/master'.
Branch origin/master set up to track remote branch master from origin.
# Checking for obsolete tags...
svn: warning: W160013: URL 'http://svn.sdlc.gfdi.be/svn/FOA/tags/foa_modules' non-existent in revision 41664
svn: E200009: Could not list all targets because some targets don't exist
No obsolete tags to remove.
# Checking for obsolete branches...
svn: warning: W160013: URL 'http://svn.sdlc.gfdi.be/svn/FOA/branches/foa_modules' non-existent in revision 41664
svn: E200009: Could not list all targets because some targets don't exist
Deleting Git branch 'origin/master' not in Subversion.
Deleted branch origin/master (was cd70167).
# Cleaning tag names
# Cleaning branch names
+ echo 'error during sync-rebase operation ! Skipping to next project or ending'
error during sync-rebase operation ! Skipping to next project or ending
+ errorSync=1
+ [[ -z 1 ]]
