+ checkProject http://svn.sdlc.gfdi.be/svn/FOA/trunk/foa_modules
++ echo http://svn.sdlc.gfdi.be/svn/FOA/trunk/foa_modules
++ awk -F '|' '{print $2}'
+ jenkinsJob=
++ echo http://svn.sdlc.gfdi.be/svn/FOA/trunk/foa_modules
++ awk -F '|' '{print $1}'
+ SVNrepoLine=http://svn.sdlc.gfdi.be/svn/FOA/trunk/foa_modules
++ echo http://svn.sdlc.gfdi.be/svn/FOA/trunk/foa_modules
++ awk -F / '{print $5}'
+ SVNrepoName=FOA
+ projectName=foa_modules
++ find /home/israel/git/svn-repos-v_1_2 -maxdepth 2 -type d
++ grep foa_modules
+ [[ -n /home/israel/git/svn-repos-v_1_2/foa_modules
/home/israel/git/svn-repos-v_1_2/foa_modules/foa_integration
/home/israel/git/svn-repos-v_1_2/foa_modules/dgc_resources
/home/israel/git/svn-repos-v_1_2/foa_modules/dgc_project
/home/israel/git/svn-repos-v_1_2/foa_modules/business
/home/israel/git/svn-repos-v_1_2/foa_modules/foa_com_modules
/home/israel/git/svn-repos-v_1_2/foa_modules/gok_resources
/home/israel/git/svn-repos-v_1_2/foa_modules/foa_contact_modules
/home/israel/git/svn-repos-v_1_2/foa_modules/gok_project
/home/israel/git/svn-repos-v_1_2/foa_modules/foa_campaign_modules
/home/israel/git/svn-repos-v_1_2/foa_modules/foa_brodoc_modules
/home/israel/git/svn-repos-v_1_2/foa_modules/foa_acceptance_modules
/home/israel/git/svn-repos-v_1_2/foa_modules/foa_core_modules
/home/israel/git/svn-repos-v_1_2/foa_modules/foundation
/home/israel/git/svn-repos-v_1_2/foa_modules/foa_signaletique_modules
/home/israel/git/svn-repos-v_1_2/foa_modules/ws_project
/home/israel/git/svn-repos-v_1_2/foa_modules/foa_ent_modules
/home/israel/git/svn-repos-v_1_2/foa_modules/foa_custom_deploy_modules
/home/israel/git/svn-repos-v_1_2/foa_modules/.git
/home/israel/git/svn-repos-v_1_2/foa_modules/foa_test_support_modules
/home/israel/git/svn-repos-v_1_2/foa_modules/foa_security_modules ]]
+ cd /home/israel/git/svn-repos-v_1_2/foa_modules
++ git branch --all
++ grep trunk
+ [[ -n '' ]]
+ [[ -n =OK ]]
+ echo 'Project foa_modules was already cloned, syncing operation will be executed:'
Project foa_modules was already cloned, syncing operation will be executed:
+ cd /home/israel/git/svn-repos-v_1_2
+ echo 'git pull origin master --rebase in progress...'
git pull origin master --rebase in progress...
+ git pull origin master --rebase
fatal: Not a git repository (or any of the parent directories): .git
+ [[ 128 -ne 0 ]]
+ echo 'Error during pull --rebase operation !'
Error during pull --rebase operation !
+ errorSyncing=1
+ [[ -z 1 ]]
+ [[ -z 1 ]]
+ [[ -z '' ]]
+ echo 'clean-git operation in progress...'
clean-git operation in progress...
+ java -Dfile.encoding=utf-8 -jar /home/israel/git/workspace_linux_scripts/MLOZ/localDev3/svn-migration-scripts.jar clean-git --force
fatal: Not a git repository (or any of the parent directories): .git
Command must be run from within a Git repository
+ errorSync=1
+ echo 'Notice that errors related with branches or tags not found are due to use sub-repo (repo/trunk/subrepo) instead of repo/trunk.'
Notice that errors related with branches or tags not found are due to use sub-repo (repo/trunk/subrepo) instead of repo/trunk.
+ [[ -z 1 ]]
