0.025931 150
9.187107 1
0.079526 1
0.079899 1
0.109698 1
0.182492 1
0.068968 1
0.148591 1
0.329956 2
0.001635 11
0.000043 71
0.000149 68
0.000110 73
0.000038 71
0.000142 132
0.002644 150
0.287899 1
0.053152 1
0.187787 1
0.039784 1
1.237955 1
0.357171 1
1.032239 4
0.836092 1
0.984801 1
0.687048 1
0.432111 1
0.816012 1
1.270953 1
0.817378 1
0.276247 1
0.403416 1
0.416280 1
1.552596 1
0.393695 15
0.001966 150
1.611047 1
0.174130 1
0.177666 1
0.056529 1
0.096179 1
2.556695 1
0.095344 1
0.212134 1
0.288302 2
0.000050 48
0.000231 46
0.001633 150
11.941757 1
0.208019 1
0.100459 1
0.095885 1
0.563320 2
0.000158 6
