agresso-19.02.05.bar'  
chap4_app-19.06.68.bar'  
consult_rn-18.03.03.bar'  
consult_rn_bis-18.08.42.bar'  
dimona_sync-1702.31.bar'  
dpz-careunit-171126.53.bar'  
dpz-careunit-out-180304.46.bar'  
eattest_sharedlib-18.10.16.bar'  
e-cit_app-18.05.02.bar'  
eqmv_sync-19.09.23.bar'  
e-rm_app-18.10.23.bar'  
filenotification_sharedlib-19.01.18.bar'  
imasync_sharedlib-18.10.3.bar'  
kmehr_struct_check_lib-19.06.08.bar'  
kmehr_XSD_1_27_lib-19.06.02.bar'  
mcaclientutils-sharedlib-18.11.11.bar'  
medical_house_app-19.07.05.bar'  
member-data-19.05.31.bar'  
member-data-async-19.03.34.bar'  
member-data-fbio-19.03.10.bar'  
nippin_A061Async-19.08.14.bar'  
nippin_ack_nack_inami-1709.09.bar'  
nippin_AssuAsync-1907.02.bar'  
nippin_catalog-1803.02.bar'  
nippin_eattest-1901.15.bar'  
nippin_eattest_cancel-1901.66.bar'  
nippin_eattest_fbio-1904.04.bar'  
nippin_econsent-1806.32.bar'  
nippin_fbio-19.03.01.bar'  
nippin_gcasync-1909.26.bar'  
nippin_gc_dispatcher-1806.09.bar'  
nippin_gcsync-1907.14.bar'  
nippin_genericAsync-1802.20.bar'  
nippin-genericerrordispatcher-19.03.05.bar'  
Nippin_GenericFlow_10_lib-18.10.48.bar'  
Nippin_GenericFlow_XSD_10_lib-18.10.13.bar'  
nippin_genericSync-1806.51.bar'  
nippin_hcpfac_app-19.01.15.bar'  
nippin_ides-19.09.17.bar'  
nippin_inami-1606.75.bar'  
nippin_m4a-1712.51.bar'  
nippin_model550-1807.23.bar'  
nippin_model_reg_app-19.04.02.bar'  
nippin_monitoring-1807.23.bar'  
nippin_simplifiedAsync-1808.01.bar'  
nippin_stock_soap-1810.06.bar'  
photo_maf_familycomposition-19.04.02.bar'  
prisoner_flow-18.05.04.bar'  
psi_chronic_care-18.07.16.bar'  
registre_notifications-1807.04.bar'  
soaputils_sharedlib-19.09.06.bar'  
xmlutils_sharedlib-19.09.04.bar'  
